Determining if the pthread_create exist failed with the following output:
Change Dir: /mnt/d/Code/CMPT473/A4/msgpack-c-master/CMakeFiles/CMakeTmp

Run Build Command:"/usr/bin/make" "cmTC_89df5/fast"
/usr/bin/make -f CMakeFiles/cmTC_89df5.dir/build.make CMakeFiles/cmTC_89df5.dir/build
make[1]: Entering directory '/mnt/d/Code/CMPT473/A4/msgpack-c-master/CMakeFiles/CMakeTmp'
Building C object CMakeFiles/cmTC_89df5.dir/CheckSymbolExists.c.o
/usr/bin/cc    -o CMakeFiles/cmTC_89df5.dir/CheckSymbolExists.c.o   -c /mnt/d/Code/CMPT473/A4/msgpack-c-master/CMakeFiles/CMakeTmp/CheckSymbolExists.c
Linking C executable cmTC_89df5
/usr/bin/cmake -E cmake_link_script CMakeFiles/cmTC_89df5.dir/link.txt --verbose=1
/usr/bin/cc      -rdynamic CMakeFiles/cmTC_89df5.dir/CheckSymbolExists.c.o  -o cmTC_89df5 
CMakeFiles/cmTC_89df5.dir/CheckSymbolExists.c.o: In function `main':
CheckSymbolExists.c:(.text+0x1b): undefined reference to `pthread_create'
collect2: error: ld returned 1 exit status
CMakeFiles/cmTC_89df5.dir/build.make:97: recipe for target 'cmTC_89df5' failed
make[1]: *** [cmTC_89df5] Error 1
make[1]: Leaving directory '/mnt/d/Code/CMPT473/A4/msgpack-c-master/CMakeFiles/CMakeTmp'
Makefile:126: recipe for target 'cmTC_89df5/fast' failed
make: *** [cmTC_89df5/fast] Error 2

File /mnt/d/Code/CMPT473/A4/msgpack-c-master/CMakeFiles/CMakeTmp/CheckSymbolExists.c:
/* */
#include <pthread.h>

int main(int argc, char** argv)
{
  (void)argv;
#ifndef pthread_create
  return ((int*)(&pthread_create))[argc];
#else
  (void)argc;
  return 0;
#endif
}

Determining if the function pthread_create exists in the pthreads failed with the following output:
Change Dir: /mnt/d/Code/CMPT473/A4/msgpack-c-master/CMakeFiles/CMakeTmp

Run Build Command:"/usr/bin/make" "cmTC_a9d38/fast"
/usr/bin/make -f CMakeFiles/cmTC_a9d38.dir/build.make CMakeFiles/cmTC_a9d38.dir/build
make[1]: Entering directory '/mnt/d/Code/CMPT473/A4/msgpack-c-master/CMakeFiles/CMakeTmp'
Building C object CMakeFiles/cmTC_a9d38.dir/CheckFunctionExists.c.o
/usr/bin/cc   -DCHECK_FUNCTION_EXISTS=pthread_create   -o CMakeFiles/cmTC_a9d38.dir/CheckFunctionExists.c.o   -c /usr/share/cmake-3.10/Modules/CheckFunctionExists.c
Linking C executable cmTC_a9d38
/usr/bin/cmake -E cmake_link_script CMakeFiles/cmTC_a9d38.dir/link.txt --verbose=1
/usr/bin/cc  -DCHECK_FUNCTION_EXISTS=pthread_create    -rdynamic CMakeFiles/cmTC_a9d38.dir/CheckFunctionExists.c.o  -o cmTC_a9d38 -lpthreads 
/usr/bin/ld: cannot find -lpthreads
collect2: error: ld returned 1 exit status
CMakeFiles/cmTC_a9d38.dir/build.make:97: recipe for target 'cmTC_a9d38' failed
make[1]: *** [cmTC_a9d38] Error 1
make[1]: Leaving directory '/mnt/d/Code/CMPT473/A4/msgpack-c-master/CMakeFiles/CMakeTmp'
Makefile:126: recipe for target 'cmTC_a9d38/fast' failed
make: *** [cmTC_a9d38/fast] Error 2


Performing C++ SOURCE FILE Test MSGPACK_ENABLE_GCC_CXX_ATOMIC failed with the following output:
Change Dir: /mnt/d/Code/CMPT473/A4/msgpack-c-master/CMakeFiles/CMakeTmp

Run Build Command:"/usr/bin/make" "cmTC_a0342/fast"
/usr/bin/make -f CMakeFiles/cmTC_a0342.dir/build.make CMakeFiles/cmTC_a0342.dir/build
make[1]: Entering directory '/mnt/d/Code/CMPT473/A4/msgpack-c-master/CMakeFiles/CMakeTmp'
Building CXX object CMakeFiles/cmTC_a0342.dir/src.cxx.o
/usr/bin/c++    -DMSGPACK_DEFAULT_API_VERSION=3 -std=c++98  -DMSGPACK_ENABLE_GCC_CXX_ATOMIC   -o CMakeFiles/cmTC_a0342.dir/src.cxx.o -c /mnt/d/Code/CMPT473/A4/msgpack-c-master/CMakeFiles/CMakeTmp/src.cxx
/mnt/d/Code/CMPT473/A4/msgpack-c-master/CMakeFiles/CMakeTmp/src.cxx:2:10: fatal error: bits/atomicity.h: No such file or directory
 #include <bits/atomicity.h>
          ^~~~~~~~~~~~~~~~~~
compilation terminated.
CMakeFiles/cmTC_a0342.dir/build.make:65: recipe for target 'CMakeFiles/cmTC_a0342.dir/src.cxx.o' failed
make[1]: *** [CMakeFiles/cmTC_a0342.dir/src.cxx.o] Error 1
make[1]: Leaving directory '/mnt/d/Code/CMPT473/A4/msgpack-c-master/CMakeFiles/CMakeTmp'
Makefile:126: recipe for target 'cmTC_a0342/fast' failed
make: *** [cmTC_a0342/fast] Error 2

Source file was:

#include <bits/atomicity.h>
int atomic_sub(int i) { return __gnu_cxx::__exchange_and_add(&i, -1) - 1; }
int atomic_add(int i) { return __gnu_cxx::__exchange_and_add(&i, 1) + 1; }
int main(int argc, char * argv[])
{
    atomic_sub(1);
    atomic_add(1);
}

Compiling the CXX compiler identification source file "CMakeCXXCompilerId.cpp" failed.
Compiler: afl-clang-fast++ 
Build flags: 
Id flags: 

The output was:
No such file or directory


Compiling the CXX compiler identification source file "CMakeCXXCompilerId.cpp" failed.
Compiler: afl-clang-fast++ 
Build flags: 
Id flags: -c

The output was:
No such file or directory


Checking whether the CXX compiler is IAR using "" did not match "IAR .+ Compiler":
Compiling the CXX compiler identification source file "CMakeCXXCompilerId.cpp" failed.
Compiler: afl-clang-fast++ 
Build flags: 
Id flags: 

The output was:
No such file or directory


Compiling the CXX compiler identification source file "CMakeCXXCompilerId.cpp" failed.
Compiler: afl-clang-fast++ 
Build flags: 
Id flags: -c

The output was:
No such file or directory


Checking whether the CXX compiler is IAR using "" did not match "IAR .+ Compiler":
Compiling the CXX compiler identification source file "CMakeCXXCompilerId.cpp" failed.
Compiler: afl-clang-fast++ 
Build flags: 
Id flags: 

The output was:
No such file or directory


Compiling the CXX compiler identification source file "CMakeCXXCompilerId.cpp" failed.
Compiler: afl-clang-fast++ 
Build flags: 
Id flags: -c

The output was:
No such file or directory


Checking whether the CXX compiler is IAR using "" did not match "IAR .+ Compiler":
