Determining if the pthread_create exist failed with the following output:
Change Dir: /home/kantokuleo/Documents/CMPT473/msgpack-c-master/build/CMakeFiles/CMakeTmp

Run Build Command:"/usr/bin/make" "cmTC_dfda8/fast"
/usr/bin/make -f CMakeFiles/cmTC_dfda8.dir/build.make CMakeFiles/cmTC_dfda8.dir/build
make[1]: Entering directory '/home/kantokuleo/Documents/CMPT473/msgpack-c-master/build/CMakeFiles/CMakeTmp'
Building C object CMakeFiles/cmTC_dfda8.dir/CheckSymbolExists.c.o
/usr/bin/cc    -o CMakeFiles/cmTC_dfda8.dir/CheckSymbolExists.c.o   -c /home/kantokuleo/Documents/CMPT473/msgpack-c-master/build/CMakeFiles/CMakeTmp/CheckSymbolExists.c
Linking C executable cmTC_dfda8
/usr/bin/cmake -E cmake_link_script CMakeFiles/cmTC_dfda8.dir/link.txt --verbose=1
/usr/bin/cc      -rdynamic CMakeFiles/cmTC_dfda8.dir/CheckSymbolExists.c.o  -o cmTC_dfda8 
/usr/bin/ld: CMakeFiles/cmTC_dfda8.dir/CheckSymbolExists.c.o: in function `main':
CheckSymbolExists.c:(.text+0x1f): undefined reference to `pthread_create'
collect2: error: ld returned 1 exit status
make[1]: *** [CMakeFiles/cmTC_dfda8.dir/build.make:87: cmTC_dfda8] Error 1
make[1]: Leaving directory '/home/kantokuleo/Documents/CMPT473/msgpack-c-master/build/CMakeFiles/CMakeTmp'
make: *** [Makefile:121: cmTC_dfda8/fast] Error 2

File /home/kantokuleo/Documents/CMPT473/msgpack-c-master/build/CMakeFiles/CMakeTmp/CheckSymbolExists.c:
/* */
#include <pthread.h>

int main(int argc, char** argv)
{
  (void)argv;
#ifndef pthread_create
  return ((int*)(&pthread_create))[argc];
#else
  (void)argc;
  return 0;
#endif
}

Determining if the function pthread_create exists in the pthreads failed with the following output:
Change Dir: /home/kantokuleo/Documents/CMPT473/msgpack-c-master/build/CMakeFiles/CMakeTmp

Run Build Command:"/usr/bin/make" "cmTC_e9213/fast"
/usr/bin/make -f CMakeFiles/cmTC_e9213.dir/build.make CMakeFiles/cmTC_e9213.dir/build
make[1]: Entering directory '/home/kantokuleo/Documents/CMPT473/msgpack-c-master/build/CMakeFiles/CMakeTmp'
Building C object CMakeFiles/cmTC_e9213.dir/CheckFunctionExists.c.o
/usr/bin/cc   -DCHECK_FUNCTION_EXISTS=pthread_create   -o CMakeFiles/cmTC_e9213.dir/CheckFunctionExists.c.o   -c /usr/share/cmake-3.13/Modules/CheckFunctionExists.c
Linking C executable cmTC_e9213
/usr/bin/cmake -E cmake_link_script CMakeFiles/cmTC_e9213.dir/link.txt --verbose=1
/usr/bin/cc  -DCHECK_FUNCTION_EXISTS=pthread_create    -rdynamic CMakeFiles/cmTC_e9213.dir/CheckFunctionExists.c.o  -o cmTC_e9213 -lpthreads 
/usr/bin/ld: cannot find -lpthreads
collect2: error: ld returned 1 exit status
make[1]: *** [CMakeFiles/cmTC_e9213.dir/build.make:87: cmTC_e9213] Error 1
make[1]: Leaving directory '/home/kantokuleo/Documents/CMPT473/msgpack-c-master/build/CMakeFiles/CMakeTmp'
make: *** [Makefile:121: cmTC_e9213/fast] Error 2


Performing C++ SOURCE FILE Test MSGPACK_ENABLE_GCC_CXX_ATOMIC failed with the following output:
Change Dir: /home/kantokuleo/Documents/CMPT473/msgpack-c-master/build/CMakeFiles/CMakeTmp

Run Build Command:"/usr/bin/make" "cmTC_83aaf/fast"
/usr/bin/make -f CMakeFiles/cmTC_83aaf.dir/build.make CMakeFiles/cmTC_83aaf.dir/build
make[1]: Entering directory '/home/kantokuleo/Documents/CMPT473/msgpack-c-master/build/CMakeFiles/CMakeTmp'
Building CXX object CMakeFiles/cmTC_83aaf.dir/src.cxx.o
/usr/bin/c++    -DMSGPACK_DEFAULT_API_VERSION=3 -std=c++98  -DMSGPACK_ENABLE_GCC_CXX_ATOMIC   -o CMakeFiles/cmTC_83aaf.dir/src.cxx.o -c /home/kantokuleo/Documents/CMPT473/msgpack-c-master/build/CMakeFiles/CMakeTmp/src.cxx
/home/kantokuleo/Documents/CMPT473/msgpack-c-master/build/CMakeFiles/CMakeTmp/src.cxx:2:10: fatal error: bits/atomicity.h: No such file or directory
    2 | #include <bits/atomicity.h>
      |          ^~~~~~~~~~~~~~~~~~
compilation terminated.
make[1]: *** [CMakeFiles/cmTC_83aaf.dir/build.make:66: CMakeFiles/cmTC_83aaf.dir/src.cxx.o] Error 1
make[1]: Leaving directory '/home/kantokuleo/Documents/CMPT473/msgpack-c-master/build/CMakeFiles/CMakeTmp'
make: *** [Makefile:121: cmTC_83aaf/fast] Error 2

Source file was:

#include <bits/atomicity.h>
int atomic_sub(int i) { return __gnu_cxx::__exchange_and_add(&i, -1) - 1; }
int atomic_add(int i) { return __gnu_cxx::__exchange_and_add(&i, 1) + 1; }
int main(int argc, char * argv[])
{
    atomic_sub(1);
    atomic_add(1);
}

